<?xml version="1.0" encoding="UTF-8"?>
<!-- Generated by org.testng.reporters.JUnitXMLReporter -->
<testsuite hostname="DESKTOP-3KMQB6L" ignored="0" name="Command line test" tests="6" failures="0" timestamp="05 Nov 2018 06:39:27 GMT" time="0.047" errors="0">
  <testcase name="IOSApps" time="0.006" classname="knowledge.appiumTest"/>
  <testcase name="NativeAppAndroid" time="0.0" classname="knowledge.appiumTest"/>
  <testcase name="DeleteTwitter" time="0.0" classname="knowledge.restapiTest"/>
  <testcase name="PostJira" time="0.0" classname="knowledge.restapiTest"/>
  <testcase name="BrowserAutomation" time="0.001" classname="knowledge.seleniumTest"/>
  <testcase name="ElementsUi" time="0.0" classname="knowledge.seleniumTest"/>
</testsuite> <!-- Command line test -->
