<?xml version="1.0" encoding="UTF-8"?>
<!-- Generated by org.testng.reporters.JUnitXMLReporter -->
<testsuite hostname="DESKTOP-3KMQB6L" ignored="0" name="Test" tests="4" failures="0" timestamp="23 Nov 2018 12:01:08 GMT" time="0.079" errors="0">
  <testcase name="BrowserAutomation" time="0.015" classname="knowledge.seleniumTest"/>
  <testcase name="ElementsUi" time="0.0" classname="knowledge.seleniumTest"/>
  <testcase name="IOSApps" time="0.0" classname="knowledge.appiumTest"/>
  <testcase name="NativeAppAndroid" time="0.0" classname="knowledge.appiumTest"/>
</testsuite> <!-- Test -->
