<?xml version="1.0" encoding="UTF-8"?>
<testng-results skipped="0" failed="0" ignored="0" total="4" passed="4">
  <reporter-output>
  </reporter-output>
  <suite name="Suite" duration-ms="79" started-at="2018-11-23T12:01:08Z" finished-at="2018-11-23T12:01:08Z">
    <groups>
    </groups>
    <test name="Test" duration-ms="79" started-at="2018-11-23T12:01:08Z" finished-at="2018-11-23T12:01:08Z">
      <class name="knowledge.appiumTest">
        <test-method status="PASS" signature="IOSApps()[pri:0, instance:knowledge.appiumTest@26f67b76]" name="IOSApps" duration-ms="0" started-at="2018-11-23T12:01:08Z" finished-at="2018-11-23T12:01:08Z">
          <reporter-output>
          </reporter-output>
        </test-method> <!-- IOSApps -->
        <test-method status="PASS" signature="NativeAppAndroid()[pri:0, instance:knowledge.appiumTest@26f67b76]" name="NativeAppAndroid" duration-ms="0" started-at="2018-11-23T12:01:08Z" finished-at="2018-11-23T12:01:08Z">
          <reporter-output>
          </reporter-output>
        </test-method> <!-- NativeAppAndroid -->
      </class> <!-- knowledge.appiumTest -->
      <class name="knowledge.seleniumTest">
        <test-method status="PASS" signature="BrowserAutomation()[pri:0, instance:knowledge.seleniumTest@97e1986]" name="BrowserAutomation" duration-ms="15" started-at="2018-11-23T12:01:08Z" finished-at="2018-11-23T12:01:08Z">
          <reporter-output>
          </reporter-output>
        </test-method> <!-- BrowserAutomation -->
        <test-method status="PASS" signature="ElementsUi()[pri:0, instance:knowledge.seleniumTest@97e1986]" name="ElementsUi" duration-ms="0" started-at="2018-11-23T12:01:08Z" finished-at="2018-11-23T12:01:08Z">
          <reporter-output>
          </reporter-output>
        </test-method> <!-- ElementsUi -->
      </class> <!-- knowledge.seleniumTest -->
    </test> <!-- Test -->
  </suite> <!-- Suite -->
</testng-results>
